::1 - - [19/May/2025:02:41:14 +0000] "GET /api/v1/github/users?query=javascript&pages=1 HTTP/1.1" 200 25703 "-" "Mozilla/5.0 (Macintosh; Intel Mac OS X 10_15_7) AppleWebKit/605.1.15 (KHTML, like Gecko) Version/17.2 Safari/605.1.15"
::1 - - [19/May/2025:02:43:01 +0000] "GET /api/v1/github/users?query=javascript&pages=1 HTTP/1.1" 200 26217 "-" "Mozilla/5.0 (Macintosh; Intel Mac OS X 10_15_7) AppleWebKit/605.1.15 (KHTML, like Gecko) Version/17.2 Safari/605.1.15"
::1 - - [19/May/2025:02:44:47 +0000] "GET /api/v1/github/users?query=javasctipt+developer&pages=1%0A HTTP/1.1" 200 25061 "-" "PostmanRuntime/7.43.0"
::1 - - [19/May/2025:02:53:09 +0000] "GET /api/v1/github/users?query=javasctipt+developer&pages=1%0A HTTP/1.1" 200 103 "-" "PostmanRuntime/7.43.0"
::1 - - [19/May/2025:02:54:02 +0000] "GET /api/v1/github/users?query=javascript&pages=1 HTTP/1.1" 200 93 "-" "Mozilla/5.0 (Macintosh; Intel Mac OS X 10_15_7) AppleWebKit/605.1.15 (KHTML, like Gecko) Version/17.2 Safari/605.1.15"
::1 - - [19/May/2025:03:14:58 +0000] "GET /api/v1/github/users?query=javascript&pages=1 HTTP/1.1" 200 26255 "-" "Mozilla/5.0 (Macintosh; Intel Mac OS X 10_15_7) AppleWebKit/605.1.15 (KHTML, like Gecko) Version/17.2 Safari/605.1.15"
::1 - - [19/May/2025:03:24:14 +0000] "GET /api/v1/github/users?query=javasctipt+developer&pages=1%0A HTTP/1.1" 200 25596 "-" "PostmanRuntime/7.43.0"
::1 - - [19/May/2025:03:29:05 +0000] "GET /api/v1/github/users?query=javasctipt+developer&pages=1%0A HTTP/1.1" 500 53 "-" "PostmanRuntime/7.43.0"
::1 - - [19/May/2025:03:32:29 +0000] "GET /api/v1/github/users?query=javasctipt+developer&pages=1%0A HTTP/1.1" 200 25044 "-" "PostmanRuntime/7.43.0"
::1 - - [19/May/2025:03:33:24 +0000] "GET /api/v1/github/users?query=javasctipt+developer&pages=1%0A HTTP/1.1" 200 23088 "-" "PostmanRuntime/7.43.0"
::1 - - [19/May/2025:03:39:48 +0000] "GET /api/v1/github/users?query=javascript&pages=1 HTTP/1.1" 200 25360 "-" "Mozilla/5.0 (Macintosh; Intel Mac OS X 10_15_7) AppleWebKit/605.1.15 (KHTML, like Gecko) Version/17.2 Safari/605.1.15"
::1 - - [19/May/2025:03:54:38 +0000] "GET /api/v1/github/users?query=javascript&pages=1 HTTP/1.1" 200 26048 "-" "Mozilla/5.0 (Macintosh; Intel Mac OS X 10_15_7) AppleWebKit/605.1.15 (KHTML, like Gecko) Version/17.2 Safari/605.1.15"
::1 - - [19/May/2025:03:56:29 +0000] "GET /api/v1/github/users?query=javascript&pages=1 HTTP/1.1" 200 25178 "-" "Mozilla/5.0 (Macintosh; Intel Mac OS X 10_15_7) AppleWebKit/605.1.15 (KHTML, like Gecko) Version/17.2 Safari/605.1.15"
::1 - - [19/May/2025:03:59:06 +0000] "GET /api/v1/github/users?query=javascript&pages=1 HTTP/1.1" 500 48 "-" "Mozilla/5.0 (Macintosh; Intel Mac OS X 10_15_7) AppleWebKit/605.1.15 (KHTML, like Gecko) Version/17.2 Safari/605.1.15"
::1 - - [19/May/2025:04:01:45 +0000] "GET /api/v1/github/users?query=javascript&pages=1 HTTP/1.1" 200 26020 "-" "Mozilla/5.0 (Macintosh; Intel Mac OS X 10_15_7) AppleWebKit/605.1.15 (KHTML, like Gecko) Version/17.2 Safari/605.1.15"
::1 - - [19/May/2025:04:03:27 +0000] "GET /api/v1/github/users?query=javascript&pages=1 HTTP/1.1" 200 24700 "-" "Mozilla/5.0 (Macintosh; Intel Mac OS X 10_15_7) AppleWebKit/605.1.15 (KHTML, like Gecko) Version/17.2 Safari/605.1.15"
::1 - - [19/May/2025:04:05:43 +0000] "GET /api/v1/github/users?query=javascript&pages=1 HTTP/1.1" 200 24842 "-" "Mozilla/5.0 (Macintosh; Intel Mac OS X 10_15_7) AppleWebKit/605.1.15 (KHTML, like Gecko) Version/17.2 Safari/605.1.15"
::1 - - [19/May/2025:04:10:45 +0000] "GET /api/v1/github/users?query=javascript&pages=1 HTTP/1.1" 200 25134 "-" "Mozilla/5.0 (Macintosh; Intel Mac OS X 10_15_7) AppleWebKit/605.1.15 (KHTML, like Gecko) Version/17.2 Safari/605.1.15"
::1 - - [19/May/2025:04:12:26 +0000] "GET /api/v1/github/users?query=javascript&pages=1 HTTP/1.1" 200 25902 "-" "Mozilla/5.0 (Macintosh; Intel Mac OS X 10_15_7) AppleWebKit/605.1.15 (KHTML, like Gecko) Version/17.2 Safari/605.1.15"
::1 - - [19/May/2025:04:15:32 +0000] "GET /api/v1/github/users?query=javascript&pages=1 HTTP/1.1" 200 26248 "-" "Mozilla/5.0 (Macintosh; Intel Mac OS X 10_15_7) AppleWebKit/605.1.15 (KHTML, like Gecko) Version/17.2 Safari/605.1.15"
::1 - - [19/May/2025:04:17:13 +0000] "GET /api/v1/github/users?query=amancodess1&pages=1 HTTP/1.1" 200 2360 "-" "Mozilla/5.0 (Macintosh; Intel Mac OS X 10_15_7) AppleWebKit/605.1.15 (KHTML, like Gecko) Version/17.2 Safari/605.1.15"
::1 - - [19/May/2025:04:19:53 +0000] "GET /api/v1/github/users?query=amancodess1&pages=1 HTTP/1.1" 200 2152 "-" "Mozilla/5.0 (Macintosh; Intel Mac OS X 10_15_7) AppleWebKit/605.1.15 (KHTML, like Gecko) Version/17.2 Safari/605.1.15"
::1 - - [19/May/2025:04:20:56 +0000] "GET /api/v1/github/users?query=amancodess1&pages=1 HTTP/1.1" 200 2418 "-" "Mozilla/5.0 (Macintosh; Intel Mac OS X 10_15_7) AppleWebKit/605.1.15 (KHTML, like Gecko) Version/17.2 Safari/605.1.15"
::1 - - [19/May/2025:04:21:41 +0000] "GET /api/v1/github/users?query=amancodess1&pages=1%0A HTTP/1.1" 200 2218 "-" "PostmanRuntime/7.43.0"
::1 - - [19/May/2025:04:33:11 +0000] "GET /api/v1/github/users?query=javascript&pages=1 HTTP/1.1" - - "-" "Mozilla/5.0 (Macintosh; Intel Mac OS X 10_15_7) AppleWebKit/605.1.15 (KHTML, like Gecko) Version/17.2 Safari/605.1.15"
::1 - - [19/May/2025:04:33:11 +0000] "GET /api/docs HTTP/1.1" 301 158 "-" "Mozilla/5.0 (Macintosh; Intel Mac OS X 10_15_7) AppleWebKit/605.1.15 (KHTML, like Gecko) Version/17.2 Safari/605.1.15"
::1 - - [19/May/2025:04:33:11 +0000] "GET /api/docs/ HTTP/1.1" 200 3106 "-" "Mozilla/5.0 (Macintosh; Intel Mac OS X 10_15_7) AppleWebKit/605.1.15 (KHTML, like Gecko) Version/17.2 Safari/605.1.15"
::1 - - [19/May/2025:04:33:11 +0000] "GET /api/docs/swagger-ui.css HTTP/1.1" 200 154986 "http://localhost:3000/api/docs/" "Mozilla/5.0 (Macintosh; Intel Mac OS X 10_15_7) AppleWebKit/605.1.15 (KHTML, like Gecko) Version/17.2 Safari/605.1.15"
::1 - - [19/May/2025:04:33:11 +0000] "GET /api/docs/swagger-ui-init.js HTTP/1.1" 200 10978 "http://localhost:3000/api/docs/" "Mozilla/5.0 (Macintosh; Intel Mac OS X 10_15_7) AppleWebKit/605.1.15 (KHTML, like Gecko) Version/17.2 Safari/605.1.15"
::1 - - [19/May/2025:04:33:11 +0000] "GET /api/docs/swagger-ui-standalone-preset.js HTTP/1.1" 200 229223 "http://localhost:3000/api/docs/" "Mozilla/5.0 (Macintosh; Intel Mac OS X 10_15_7) AppleWebKit/605.1.15 (KHTML, like Gecko) Version/17.2 Safari/605.1.15"
::1 - - [19/May/2025:04:33:11 +0000] "GET /api/docs/swagger-ui-bundle.js HTTP/1.1" 200 1468326 "http://localhost:3000/api/docs/" "Mozilla/5.0 (Macintosh; Intel Mac OS X 10_15_7) AppleWebKit/605.1.15 (KHTML, like Gecko) Version/17.2 Safari/605.1.15"
::1 - - [19/May/2025:04:33:11 +0000] "GET /api/docs/favicon-32x32.png HTTP/1.1" 200 628 "http://localhost:3000/api/docs/" "Mozilla/5.0 (Macintosh; Intel Mac OS X 10_15_7) AppleWebKit/605.1.15 (KHTML, like Gecko) Version/17.2 Safari/605.1.15"
::1 - - [19/May/2025:04:33:11 +0000] "GET /api/docs/favicon-16x16.png HTTP/1.1" 200 665 "http://localhost:3000/api/docs/" "Mozilla/5.0 (Macintosh; Intel Mac OS X 10_15_7) AppleWebKit/605.1.15 (KHTML, like Gecko) Version/17.2 Safari/605.1.15"
::1 - - [19/May/2025:04:36:42 +0000] "GET /api/docs/ HTTP/1.1" 200 3106 "-" "Mozilla/5.0 (Macintosh; Intel Mac OS X 10_15_7) AppleWebKit/605.1.15 (KHTML, like Gecko) Version/17.2 Safari/605.1.15"
::1 - - [19/May/2025:04:36:42 +0000] "GET /api/docs/swagger-ui.css HTTP/1.1" 304 - "http://localhost:3000/api/docs/" "Mozilla/5.0 (Macintosh; Intel Mac OS X 10_15_7) AppleWebKit/605.1.15 (KHTML, like Gecko) Version/17.2 Safari/605.1.15"
::1 - - [19/May/2025:04:36:42 +0000] "GET /api/docs/swagger-ui-bundle.js HTTP/1.1" 304 - "http://localhost:3000/api/docs/" "Mozilla/5.0 (Macintosh; Intel Mac OS X 10_15_7) AppleWebKit/605.1.15 (KHTML, like Gecko) Version/17.2 Safari/605.1.15"
::1 - - [19/May/2025:04:36:42 +0000] "GET /api/docs/swagger-ui-standalone-preset.js HTTP/1.1" 304 - "http://localhost:3000/api/docs/" "Mozilla/5.0 (Macintosh; Intel Mac OS X 10_15_7) AppleWebKit/605.1.15 (KHTML, like Gecko) Version/17.2 Safari/605.1.15"
::1 - - [19/May/2025:04:36:42 +0000] "GET /api/docs/swagger-ui-init.js HTTP/1.1" 200 9885 "http://localhost:3000/api/docs/" "Mozilla/5.0 (Macintosh; Intel Mac OS X 10_15_7) AppleWebKit/605.1.15 (KHTML, like Gecko) Version/17.2 Safari/605.1.15"
::1 - - [19/May/2025:04:36:42 +0000] "GET /api/docs/favicon-16x16.png HTTP/1.1" 304 - "http://localhost:3000/api/docs/" "Mozilla/5.0 (Macintosh; Intel Mac OS X 10_15_7) AppleWebKit/605.1.15 (KHTML, like Gecko) Version/17.2 Safari/605.1.15"
::1 - - [19/May/2025:04:37:37 +0000] "GET /api/docs/ HTTP/1.1" 200 3106 "-" "Mozilla/5.0 (Macintosh; Intel Mac OS X 10_15_7) AppleWebKit/605.1.15 (KHTML, like Gecko) Version/17.2 Safari/605.1.15"
::1 - - [19/May/2025:04:37:37 +0000] "GET /api/docs/swagger-ui.css HTTP/1.1" 304 - "http://localhost:3000/api/docs/" "Mozilla/5.0 (Macintosh; Intel Mac OS X 10_15_7) AppleWebKit/605.1.15 (KHTML, like Gecko) Version/17.2 Safari/605.1.15"
::1 - - [19/May/2025:04:37:37 +0000] "GET /api/docs/swagger-ui-bundle.js HTTP/1.1" 304 - "http://localhost:3000/api/docs/" "Mozilla/5.0 (Macintosh; Intel Mac OS X 10_15_7) AppleWebKit/605.1.15 (KHTML, like Gecko) Version/17.2 Safari/605.1.15"
::1 - - [19/May/2025:04:37:37 +0000] "GET /api/docs/swagger-ui-init.js HTTP/1.1" 200 9206 "http://localhost:3000/api/docs/" "Mozilla/5.0 (Macintosh; Intel Mac OS X 10_15_7) AppleWebKit/605.1.15 (KHTML, like Gecko) Version/17.2 Safari/605.1.15"
::1 - - [19/May/2025:04:37:37 +0000] "GET /api/docs/swagger-ui-standalone-preset.js HTTP/1.1" 304 - "http://localhost:3000/api/docs/" "Mozilla/5.0 (Macintosh; Intel Mac OS X 10_15_7) AppleWebKit/605.1.15 (KHTML, like Gecko) Version/17.2 Safari/605.1.15"
::1 - - [19/May/2025:04:37:38 +0000] "GET /api/docs/favicon-16x16.png HTTP/1.1" 304 - "http://localhost:3000/api/docs/" "Mozilla/5.0 (Macintosh; Intel Mac OS X 10_15_7) AppleWebKit/605.1.15 (KHTML, like Gecko) Version/17.2 Safari/605.1.15"
::1 - - [19/May/2025:04:39:40 +0000] "GET /api/v1/github/users?query=python%20developer&pages=3 HTTP/1.1" 200 82391 "http://localhost:3000/api/docs/" "Mozilla/5.0 (Macintosh; Intel Mac OS X 10_15_7) AppleWebKit/605.1.15 (KHTML, like Gecko) Version/17.2 Safari/605.1.15"
::1 - - [19/May/2025:05:15:42 +0000] "GET /api/v1/github/users?query=amancodess1&pages=3 HTTP/1.1" 200 2476 "-" "Mozilla/5.0 (Macintosh; Intel Mac OS X 10_15_7) AppleWebKit/605.1.15 (KHTML, like Gecko) Version/17.2 Safari/605.1.15"
::1 - - [19/May/2025:05:17:42 +0000] "GET /api/v1/github/users?query=amancodess1&pages=3 HTTP/1.1" 200 2736 "-" "Mozilla/5.0 (Macintosh; Intel Mac OS X 10_15_7) AppleWebKit/605.1.15 (KHTML, like Gecko) Version/17.2 Safari/605.1.15"
::1 - - [19/May/2025:05:19:56 +0000] "GET /api/v1/github/users?query=adicodes27&pages=3 HTTP/1.1" 200 2099 "-" "Mozilla/5.0 (Macintosh; Intel Mac OS X 10_15_7) AppleWebKit/605.1.15 (KHTML, like Gecko) Version/17.2 Safari/605.1.15"
::1 - - [19/May/2025:05:23:10 +0000] "GET /api/v1/github/users?query=adicodes27&pages=3 HTTP/1.1" 200 2061 "-" "Mozilla/5.0 (Macintosh; Intel Mac OS X 10_15_7) AppleWebKit/605.1.15 (KHTML, like Gecko) Version/17.2 Safari/605.1.15"
::1 - - [19/May/2025:05:27:27 +0000] "GET /api/v1/github/users?query=adicodes27&pages=3 HTTP/1.1" 200 2583 "-" "Mozilla/5.0 (Macintosh; Intel Mac OS X 10_15_7) AppleWebKit/605.1.15 (KHTML, like Gecko) Version/17.2 Safari/605.1.15"
::1 - - [19/May/2025:05:27:56 +0000] "GET /api/v1/github/uses?query=adicodes27&pages=3 HTTP/1.1" 404 157 "-" "Mozilla/5.0 (Macintosh; Intel Mac OS X 10_15_7) AppleWebKit/605.1.15 (KHTML, like Gecko) Version/17.2 Safari/605.1.15"
